mode: set
subscription-service/cmd/web/routes.go:10.42,31.2 12 1
subscription-service/cmd/web/routes.go:33.46,41.2 5 1
subscription-service/cmd/web/signer.go:15.21,17.2 1 0
subscription-service/cmd/web/signer.go:20.50,24.33 3 0
subscription-service/cmd/web/signer.go:30.2,33.14 3 0
subscription-service/cmd/web/signer.go:24.33,26.3 1 0
subscription-service/cmd/web/signer.go:26.8,28.3 1 0
subscription-service/cmd/web/signer.go:37.37,41.16 3 0
subscription-service/cmd/web/signer.go:47.2,47.13 1 0
subscription-service/cmd/web/signer.go:41.16,45.3 1 0
subscription-service/cmd/web/signer.go:52.57,58.2 3 0
subscription-service/cmd/web/handlers.go:16.69,18.2 1 1
subscription-service/cmd/web/handlers.go:20.70,22.2 1 1
subscription-service/cmd/web/handlers.go:24.74,29.16 3 1
subscription-service/cmd/web/handlers.go:34.2,38.16 4 1
subscription-service/cmd/web/handlers.go:45.2,46.16 2 1
subscription-service/cmd/web/handlers.go:52.2,52.20 1 0
subscription-service/cmd/web/handlers.go:67.2,72.47 4 0
subscription-service/cmd/web/handlers.go:29.16,31.3 1 0
subscription-service/cmd/web/handlers.go:38.16,42.3 3 0
subscription-service/cmd/web/handlers.go:46.16,50.3 3 1
subscription-service/cmd/web/handlers.go:52.20,64.3 5 0
subscription-service/cmd/web/handlers.go:75.67,81.2 3 0
subscription-service/cmd/web/handlers.go:83.73,85.2 1 0
subscription-service/cmd/web/handlers.go:87.77,89.16 2 0
subscription-service/cmd/web/handlers.go:96.2,106.16 3 0
subscription-service/cmd/web/handlers.go:113.2,127.52 7 0
subscription-service/cmd/web/handlers.go:89.16,91.3 1 0
subscription-service/cmd/web/handlers.go:106.16,110.3 3 0
subscription-service/cmd/web/handlers.go:131.76,137.11 4 0
subscription-service/cmd/web/handlers.go:144.2,145.16 2 0
subscription-service/cmd/web/handlers.go:151.2,153.16 3 0
subscription-service/cmd/web/handlers.go:159.2,160.52 2 0
subscription-service/cmd/web/handlers.go:137.11,141.3 3 0
subscription-service/cmd/web/handlers.go:145.16,149.3 3 0
subscription-service/cmd/web/handlers.go:153.16,157.3 3 0
subscription-service/cmd/web/handlers.go:166.74,173.16 4 0
subscription-service/cmd/web/handlers.go:180.2,181.9 2 0
subscription-service/cmd/web/handlers.go:188.2,190.12 2 0
subscription-service/cmd/web/handlers.go:209.2,210.12 2 0
subscription-service/cmd/web/handlers.go:236.2,237.16 2 0
subscription-service/cmd/web/handlers.go:243.2,244.16 2 0
subscription-service/cmd/web/handlers.go:250.2,254.60 3 0
subscription-service/cmd/web/handlers.go:173.16,177.3 3 0
subscription-service/cmd/web/handlers.go:181.9,185.3 3 0
subscription-service/cmd/web/handlers.go:190.12,194.17 3 0
subscription-service/cmd/web/handlers.go:198.3,205.21 2 0
subscription-service/cmd/web/handlers.go:194.17,196.4 1 0
subscription-service/cmd/web/handlers.go:210.12,215.17 4 0
subscription-service/cmd/web/handlers.go:220.3,232.51 3 0
subscription-service/cmd/web/handlers.go:215.17,218.4 2 0
subscription-service/cmd/web/handlers.go:237.16,241.3 3 0
subscription-service/cmd/web/handlers.go:244.16,248.3 3 0
subscription-service/cmd/web/handlers.go:257.78,279.2 14 0
subscription-service/cmd/web/handlers.go:281.77,283.2 1 0
subscription-service/cmd/web/handlers.go:285.79,287.16 2 0
subscription-service/cmd/web/handlers.go:292.2,297.4 3 0
subscription-service/cmd/web/handlers.go:287.16,290.3 2 0
subscription-service/cmd/web/middleware.go:5.64,7.2 1 1
subscription-service/cmd/web/middleware.go:9.57,10.71 1 1
subscription-service/cmd/web/middleware.go:10.71,11.49 1 0
subscription-service/cmd/web/middleware.go:16.3,16.23 1 0
subscription-service/cmd/web/middleware.go:11.49,15.4 3 0
subscription-service/cmd/web/mailer.go:42.37,43.6 1 0
subscription-service/cmd/web/mailer.go:43.6,44.10 1 0
subscription-service/cmd/web/mailer.go:45.39,46.54 1 0
subscription-service/cmd/web/mailer.go:47.38,48.29 1 0
subscription-service/cmd/web/mailer.go:49.30,50.10 1 0
subscription-service/cmd/web/mailer.go:55.61,58.24 2 0
subscription-service/cmd/web/mailer.go:62.2,62.20 1 0
subscription-service/cmd/web/mailer.go:66.2,66.24 1 0
subscription-service/cmd/web/mailer.go:70.2,70.30 1 0
subscription-service/cmd/web/mailer.go:78.2,78.27 1 0
subscription-service/cmd/web/mailer.go:82.2,86.16 3 0
subscription-service/cmd/web/mailer.go:91.2,92.16 2 0
subscription-service/cmd/web/mailer.go:96.2,107.16 11 0
subscription-service/cmd/web/mailer.go:111.2,117.30 5 0
subscription-service/cmd/web/mailer.go:123.2,123.32 1 0
subscription-service/cmd/web/mailer.go:129.2,130.16 2 0
subscription-service/cmd/web/mailer.go:58.24,60.3 1 0
subscription-service/cmd/web/mailer.go:62.20,64.3 1 0
subscription-service/cmd/web/mailer.go:66.24,68.3 1 0
subscription-service/cmd/web/mailer.go:70.30,72.3 1 0
subscription-service/cmd/web/mailer.go:78.27,80.3 1 0
subscription-service/cmd/web/mailer.go:86.16,88.3 1 0
subscription-service/cmd/web/mailer.go:92.16,94.3 1 0
subscription-service/cmd/web/mailer.go:107.16,109.3 1 0
subscription-service/cmd/web/mailer.go:117.30,118.37 1 0
subscription-service/cmd/web/mailer.go:118.37,120.4 1 0
subscription-service/cmd/web/mailer.go:123.32,124.45 1 0
subscription-service/cmd/web/mailer.go:124.45,126.4 1 0
subscription-service/cmd/web/mailer.go:130.16,132.3 1 0
subscription-service/cmd/web/mailer.go:135.62,139.16 3 0
subscription-service/cmd/web/mailer.go:143.2,144.68 2 0
subscription-service/cmd/web/mailer.go:148.2,150.16 3 0
subscription-service/cmd/web/mailer.go:154.2,154.30 1 0
subscription-service/cmd/web/mailer.go:139.16,141.3 1 0
subscription-service/cmd/web/mailer.go:144.68,146.3 1 0
subscription-service/cmd/web/mailer.go:150.16,152.3 1 0
subscription-service/cmd/web/mailer.go:157.67,161.16 3 0
subscription-service/cmd/web/mailer.go:165.2,166.68 2 0
subscription-service/cmd/web/mailer.go:170.2,172.26 2 0
subscription-service/cmd/web/mailer.go:161.16,163.3 1 0
subscription-service/cmd/web/mailer.go:166.68,168.3 1 0
subscription-service/cmd/web/mailer.go:175.52,183.16 3 0
subscription-service/cmd/web/mailer.go:187.2,188.16 2 0
subscription-service/cmd/web/mailer.go:192.2,192.18 1 0
subscription-service/cmd/web/mailer.go:183.16,185.3 1 0
subscription-service/cmd/web/mailer.go:188.16,190.3 1 0
subscription-service/cmd/web/mailer.go:195.56,196.11 1 0
subscription-service/cmd/web/mailer.go:197.13,198.33 1 0
subscription-service/cmd/web/mailer.go:199.13,200.28 1 0
subscription-service/cmd/web/mailer.go:201.14,202.29 1 0
subscription-service/cmd/web/mailer.go:203.10,204.33 1 0
subscription-service/cmd/web/main.go:27.13,29.16 2 0
subscription-service/cmd/web/main.go:34.2,71.13 11 0
subscription-service/cmd/web/main.go:29.16,31.3 1 0
subscription-service/cmd/web/main.go:74.38,75.6 1 0
subscription-service/cmd/web/main.go:75.6,76.10 1 0
subscription-service/cmd/web/main.go:77.31,78.29 1 0
subscription-service/cmd/web/main.go:79.28,80.10 1 0
subscription-service/cmd/web/main.go:85.28,94.16 4 0
subscription-service/cmd/web/main.go:94.16,96.3 1 0
subscription-service/cmd/web/main.go:99.23,101.17 2 0
subscription-service/cmd/web/main.go:104.2,104.13 1 0
subscription-service/cmd/web/main.go:101.17,103.3 1 0
subscription-service/cmd/web/main.go:107.28,111.6 3 0
subscription-service/cmd/web/main.go:111.6,113.17 2 0
subscription-service/cmd/web/main.go:120.3,120.18 1 0
subscription-service/cmd/web/main.go:124.3,128.11 4 0
subscription-service/cmd/web/main.go:113.17,115.4 1 0
subscription-service/cmd/web/main.go:115.9,118.4 2 0
subscription-service/cmd/web/main.go:120.18,122.4 1 0
subscription-service/cmd/web/main.go:132.42,134.16 2 0
subscription-service/cmd/web/main.go:138.2,139.16 2 0
subscription-service/cmd/web/main.go:143.2,143.16 1 0
subscription-service/cmd/web/main.go:134.16,136.3 1 0
subscription-service/cmd/web/main.go:139.16,141.3 1 0
subscription-service/cmd/web/main.go:146.40,157.2 8 0
subscription-service/cmd/web/main.go:159.30,162.36 1 0
subscription-service/cmd/web/main.go:167.2,167.18 1 0
subscription-service/cmd/web/main.go:162.36,164.4 1 0
subscription-service/cmd/web/main.go:170.40,176.2 5 0
subscription-service/cmd/web/main.go:178.31,194.2 10 0
subscription-service/cmd/web/main.go:196.38,217.2 5 0
subscription-service/cmd/web/render.go:26.95,38.29 4 1
subscription-service/cmd/web/render.go:42.2,42.15 1 1
subscription-service/cmd/web/render.go:46.2,47.16 2 1
subscription-service/cmd/web/render.go:53.2,53.67 1 1
subscription-service/cmd/web/render.go:38.29,40.3 1 1
subscription-service/cmd/web/render.go:42.15,44.3 1 1
subscription-service/cmd/web/render.go:47.16,51.3 3 0
subscription-service/cmd/web/render.go:53.67,57.3 3 0
subscription-service/cmd/web/render.go:60.84,65.28 4 1
subscription-service/cmd/web/render.go:74.2,76.11 2 1
subscription-service/cmd/web/render.go:65.28,68.10 3 1
subscription-service/cmd/web/render.go:68.10,70.4 1 0
subscription-service/cmd/web/render.go:70.9,72.4 1 1
subscription-service/cmd/web/render.go:79.58,82.2 2 1
subscription-service/cmd/web/helpers.go:3.43,6.2 2 0
